#
# There is insufficient memory for the Java Runtime Environment to continue.
# Native memory allocation (mmap) failed to map 266338304 bytes for Failed to commit area from 0x0000000702600000 to 0x0000000712400000 of length 266338304.
# Possible reasons:
#   The system is out of physical RAM or swap space
#   The process is running with CompressedOops enabled, and the Java Heap may be blocking the growth of the native heap
# Possible solutions:
#   Reduce memory load on the system
#   Increase physical memory or swap space
#   Check if swap backing store is full
#   Decrease Java heap size (-Xmx/-Xms)
#   Decrease number of Java threads
#   Decrease Java thread stack sizes (-Xss)
#   Set larger code cache with -XX:ReservedCodeCacheSize=
# This output file may be truncated or incomplete.
#
#  Out of Memory Error (src/hotspot/os/windows/os_windows.cpp:3627), pid=13436, tid=19648
#
# JRE version:  (11.0.15+10) (build )
# Java VM: OpenJDK 64-Bit Server VM (11.0.15+10-b2043.56, mixed mode, sharing, tiered, compressed oops, g1 gc, windows-amd64)
# No core dump will be written. Minidumps are not enabled by default on client versions of Windows
#

---------------  S U M M A R Y ------------

Command Line: git4idea.http.GitAskPassApp Username for 'https://github.com': 

Host: 12th Gen Intel(R) Core(TM) i5-12400F, 12 cores, 15G,  Windows 11 , 64 bit Build 22000 (10.0.22000.1335)
Time: Tue Jan 31 21:32:00 2023  Windows 11 , 64 bit Build 22000 (10.0.22000.1335) elapsed time: 0.063237 seconds (0d 0h 0m 0s)

---------------  T H R E A D  ---------------

Current thread (0x000001f06b231000):  JavaThread "Unknown thread" [_thread_in_vm, id=19648, stack(0x000000be1c700000,0x000000be1c800000)]

Stack: [0x000000be1c700000,0x000000be1c800000]
Native frames: (J=compiled Java code, j=interpreted, Vv=VM code, C=native code)
V  [jvm.dll+0x61612a]
V  [jvm.dll+0x79c450]
V  [jvm.dll+0x79da6d]
V  [jvm.dll+0x79e143]
V  [jvm.dll+0x24cc18]
V  [jvm.dll+0x613174]
V  [jvm.dll+0x607e55]
V  [jvm.dll+0x30b1cb]
V  [jvm.dll+0x30b13a]
V  [jvm.dll+0x30b012]
V  [jvm.dll+0x30ff76]
V  [jvm.dll+0x35b4c3]
V  [jvm.dll+0x35bbc6]
V  [jvm.dll+0x35b5c3]
V  [jvm.dll+0x2e5918]
V  [jvm.dll+0x2e6ab7]
V  [jvm.dll+0x7794f7]
V  [jvm.dll+0x77acec]
V  [jvm.dll+0x368a59]
V  [jvm.dll+0x75ce8e]
V  [jvm.dll+0x3d6a33]
V  [jvm.dll+0x3d9001]
C  [jli.dll+0x536b]
C  [ucrtbase.dll+0x26c0c]
C  [KERNEL32.DLL+0x155a0]
C  [ntdll.dll+0x485b]


---------------  P R O C E S S  ---------------

Threads class SMR info:
_java_thread_list=0x000001f068ec4cb0, length=0, elements={
}

Java Threads: ( => current thread )

Other Threads:
  0x000001f06b24a000 GCTaskThread "GC Thread#0" [stack: 0x000000be1c800000,0x000000be1c900000] [id=18756]
  0x000001f06b2a9800 ConcurrentGCThread "G1 Main Marker" [stack: 0x000000be1c900000,0x000000be1ca00000] [id=19940]
  0x000001f06b2ab800 ConcurrentGCThread "G1 Conc#0" [stack: 0x000000be1ca00000,0x000000be1cb00000] [id=13412]

[error occurred during error reporting (printing all threads), id 0xc0000005, EXCEPTION_ACCESS_VIOLATION (0xc0000005) at pc=0x00007ffd56676017]

VM state:not at safepoint (not fully initialized)

VM Mutex/Monitor currently owned by a thread:  ([mutex/lock_event])
[0x000001f06b22dda0] Heap_lock - owner thread: 0x000001f06b231000

Heap address: 0x0000000702600000, size: 4058 MB, Compressed Oops mode: Non-zero based: 0x0000000702600000
Narrow klass base: 0x0000000000000000, Narrow klass shift: 0

GC Heap History (0 events):
No events

Deoptimization events (0 events):
No events

Classes redefined (0 events):
No events

Internal exceptions (0 events):
No events

Events (1 events):
Event: 0.060 Loaded shared library D:\JetBrains\IntelliJ IDEA 2022.1.3\jbr\bin\zip.dll


Dynamic libraries:
0x00007ff70a1a0000 - 0x00007ff70a1aa000 	D:\JetBrains\IntelliJ IDEA 2022.1.3\jbr\bin\java.exe
0x00007ffd9faa0000 - 0x00007ffd9fca9000 	C:\Windows\SYSTEM32\ntdll.dll
0x00007ffd9e440000 - 0x00007ffd9e4fe000 	C:\Windows\System32\KERNEL32.DLL
0x00007ffd9d450000 - 0x00007ffd9d7cb000 	C:\Windows\System32\KERNELBASE.dll
0x00007ffd9cfe0000 - 0x00007ffd9d0f1000 	C:\Windows\System32\ucrtbase.dll
0x00007ffd7af90000 - 0x00007ffd7afa6000 	D:\JetBrains\IntelliJ IDEA 2022.1.3\jbr\bin\VCRUNTIME140.dll
0x00007ffd575e0000 - 0x00007ffd575f9000 	D:\JetBrains\IntelliJ IDEA 2022.1.3\jbr\bin\jli.dll
0x00007ffd9ee90000 - 0x00007ffd9f03d000 	C:\Windows\System32\USER32.dll
0x00007ffd87730000 - 0x00007ffd879d5000 	C:\Windows\WinSxS\amd64_microsoft.windows.common-controls_6595b64144ccf1df_6.0.22000.120_none_9d947278b86cc467\COMCTL32.dll
0x00007ffd9d7d0000 - 0x00007ffd9d7f6000 	C:\Windows\System32\win32u.dll
0x00007ffd9e500000 - 0x00007ffd9e5a3000 	C:\Windows\System32\msvcrt.dll
0x00007ffd9fa20000 - 0x00007ffd9fa49000 	C:\Windows\System32\GDI32.dll
0x00007ffd9d800000 - 0x00007ffd9d918000 	C:\Windows\System32\gdi32full.dll
0x00007ffd9d100000 - 0x00007ffd9d19d000 	C:\Windows\System32\msvcp_win.dll
0x00007ffd9ee40000 - 0x00007ffd9ee72000 	C:\Windows\System32\IMM32.DLL
0x00007ffd7a0f0000 - 0x00007ffd7a19a000 	D:\JetBrains\IntelliJ IDEA 2022.1.3\jbr\bin\msvcp140.dll
0x00007ffd56380000 - 0x00007ffd56efb000 	D:\JetBrains\IntelliJ IDEA 2022.1.3\jbr\bin\server\jvm.dll
0x00007ffd9e860000 - 0x00007ffd9e90e000 	C:\Windows\System32\ADVAPI32.dll
0x00007ffd9da70000 - 0x00007ffd9db0e000 	C:\Windows\System32\sechost.dll
0x00007ffd9f040000 - 0x00007ffd9f160000 	C:\Windows\System32\RPCRT4.dll
0x00007ffd9e930000 - 0x00007ffd9e938000 	C:\Windows\System32\PSAPI.DLL
0x00007ffd94c10000 - 0x00007ffd94c43000 	C:\Windows\SYSTEM32\WINMM.dll
0x00007ffd57710000 - 0x00007ffd57719000 	C:\Windows\SYSTEM32\WSOCK32.dll
0x00007ffd95690000 - 0x00007ffd9569a000 	C:\Windows\SYSTEM32\VERSION.dll
0x00007ffd9e3d0000 - 0x00007ffd9e43f000 	C:\Windows\System32\WS2_32.dll
0x00007ffd9c0a0000 - 0x00007ffd9c0b8000 	C:\Windows\SYSTEM32\kernel.appcore.dll
0x00007ffd57640000 - 0x00007ffd57651000 	D:\JetBrains\IntelliJ IDEA 2022.1.3\jbr\bin\verify.dll
0x00007ffd8d6f0000 - 0x00007ffd8d911000 	C:\Windows\SYSTEM32\DBGHELP.DLL
0x00007ffd8a810000 - 0x00007ffd8a841000 	C:\Windows\SYSTEM32\dbgcore.DLL
0x00007ffd9d310000 - 0x00007ffd9d38f000 	C:\Windows\System32\bcryptPrimitives.dll
0x00007ffd57610000 - 0x00007ffd57639000 	D:\JetBrains\IntelliJ IDEA 2022.1.3\jbr\bin\java.dll
0x00007ffd57600000 - 0x00007ffd5760b000 	D:\JetBrains\IntelliJ IDEA 2022.1.3\jbr\bin\jimage.dll
0x00007ffd575c0000 - 0x00007ffd575d9000 	D:\JetBrains\IntelliJ IDEA 2022.1.3\jbr\bin\zip.dll

dbghelp: loaded successfully - version: 4.0.5 - missing functions: none
symbol engine: initialized successfully - sym options: 0x614 - pdb path: .;D:\JetBrains\IntelliJ IDEA 2022.1.3\jbr\bin;C:\Windows\SYSTEM32;C:\Windows\WinSxS\amd64_microsoft.windows.common-controls_6595b64144ccf1df_6.0.22000.120_none_9d947278b86cc467;D:\JetBrains\IntelliJ IDEA 2022.1.3\jbr\bin\server

VM Arguments:
java_command: git4idea.http.GitAskPassApp Username for 'https://github.com': 
java_class_path (initial): D:/JetBrains/IntelliJ IDEA 2022.1.3/plugins/git4idea/lib/git4idea-rt.jar;D:/JetBrains/IntelliJ IDEA 2022.1.3/lib/externalProcess-rt.jar;D:/JetBrains/IntelliJ IDEA 2022.1.3/lib/app.jar;D:/JetBrains/IntelliJ IDEA 2022.1.3/lib/3rd-party-rt.jar
Launcher Type: SUN_STANDARD

[Global flags]
     intx CICompilerCount                          = 4                                         {product} {ergonomic}
     uint ConcGCThreads                            = 3                                         {product} {ergonomic}
     uint G1ConcRefinementThreads                  = 10                                        {product} {ergonomic}
   size_t G1HeapRegionSize                         = 1048576                                   {product} {ergonomic}
    uintx GCDrainStackTargetSize                   = 64                                        {product} {ergonomic}
   size_t InitialHeapSize                          = 266338304                                 {product} {ergonomic}
   size_t MarkStackSize                            = 4194304                                   {product} {ergonomic}
   size_t MaxHeapSize                              = 4255121408                                {product} {ergonomic}
   size_t MinHeapDeltaBytes                        = 1048576                                   {product} {ergonomic}
    uintx NonNMethodCodeHeapSize                   = 5836300                                {pd product} {ergonomic}
    uintx NonProfiledCodeHeapSize                  = 122910970                              {pd product} {ergonomic}
    uintx ProfiledCodeHeapSize                     = 122910970                              {pd product} {ergonomic}
    uintx ReservedCodeCacheSize                    = 251658240                              {pd product} {ergonomic}
     bool SegmentedCodeCache                       = true                                      {product} {ergonomic}
     bool UseCompressedClassPointers               = true                                 {lp64_product} {ergonomic}
     bool UseCompressedOops                        = true                                 {lp64_product} {ergonomic}
     bool UseG1GC                                  = true                                      {product} {ergonomic}
     bool UseLargePagesIndividualAllocation        = false                                  {pd product} {ergonomic}

Logging:
Log output configuration:
 #0: stdout all=warning uptime,level,tags
 #1: stderr all=off uptime,level,tags

Environment Variables:
JAVA_HOME=D:\java\jdk-17.0.3.1\
PATH=D:\java\Git\mingw64\libexec\git-core;D:\java\Git\mingw64\libexec\git-core;D:\java\Git\mingw64\bin;D:\java\Git\usr\bin;C:\Users\Administrator\bin;C:\Python311\Scripts;C:\Python311;C:\Windows\system32;C:\Windows;C:\Windows\System32\Wbem;C:\Windows\System32\WindowsPowerShell\v1.0;C:\Windows\System32\OpenSSH;C:\Program Files (x86)\NVIDIA Corporation\PhysX\Common;C:\Program Files\NVIDIA Corporation\NVIDIA NvDLISR;D:\java\jdk-17.0.3.1\bin;D:\java\apache-maven-3.8.6\bin;D:\xshell;D:\xsftp;D:\guli\vagrant\bin;D:\guli\VM;D:\java\Git\cmd;C:\ProgramData\chocolatey\bin;D:\node;C:\Users\Administrator\AppData\Local\Microsoft\WindowsApps;D:\java\Microsoft VS Code\bin;C:\Users\Administrator\AppData\Roaming\npm
USERNAME=Administrator
DISPLAY=:0.0
LC_ALL=en_US.UTF-8
OS=Windows_NT
PROCESSOR_IDENTIFIER=Intel64 Family 6 Model 151 Stepping 5, GenuineIntel



---------------  S Y S T E M  ---------------

OS: Windows 11 , 64 bit Build 22000 (10.0.22000.1335)
OS uptime: 1 days 3:32 hours
Hyper-V role detected

CPU:total 12 (initial active 12) (6 cores per cpu, 2 threads per core) family 6 model 151 stepping 5 microcode 0x15, cmov, cx8, fxsr, mmx, sse, sse2, sse3, ssse3, sse4.1, sse4.2, popcnt, avx, avx2, aes, clmul, erms, 3dnowpref, lzcnt, ht, tsc, tscinvbit, bmi1, bmi2, adx, sha, fma

Memory: 4k page, system-wide physical 16229M (3701M free)
TotalPageFile size 19212M (AvailPageFile size 107M)
current process WorkingSet (physical memory assigned to process): 11M, peak: 11M
current process commit charge ("private bytes"): 64M, peak: 318M

vm_info: OpenJDK 64-Bit Server VM (11.0.15+10-b2043.56) for windows-amd64 JRE (11.0.15+10-b2043.56), built on May 16 2022 02:28:12 by "" with MS VC++ 14.0 (VS2015)

END.
